<?xml version="1.0" encoding="UTF-8"?>
<!-- Generated by org.testng.reporters.JUnitXMLReporter -->
<testsuite hostname="DESKTOP-RUAD0RO" ignored="1" name="Default test" tests="2" failures="0" timestamp="17 Oct 2019 16:39:17 GMT" time="79.736" errors="0">
  <testcase name="VerifywithValidCredentials" time="12.421" classname="testCases.LoginPageTest"/>
  <testcase name="VerifywithValidCredentials" time="15.192" classname="testCases.LoginPageTest"/>
  <testcase name="VerifywithinValidCredentials" time="0.0" classname="testCases.LoginPageTest">
    <ignored/>
  </testcase> <!-- VerifywithinValidCredentials -->
</testsuite> <!-- Default test -->
