<?xml version="1.0" encoding="UTF-8"?>
<!-- Generated by org.testng.reporters.JUnitXMLReporter -->
<testsuite hostname="DESKTOP-4LPEL34" ignored="1" name="Default test" tests="2" failures="0" timestamp="18 Aug 2019 06:16:26 GMT" time="91.339" errors="0">
  <testcase name="VerifywithinValidCredentials" time="23.983" classname="testCases.LoginPageTest"/>
  <testcase name="VerifywithinValidCredentials" time="25.539" classname="testCases.LoginPageTest"/>
  <testcase name="VerifywithValidCredentials" time="0.0" classname="testCases.LoginPageTest">
    <ignored/>
  </testcase> <!-- VerifywithValidCredentials -->
</testsuite> <!-- Default test -->
