<?xml version="1.0" encoding="UTF-8" ?>
<testsuite tests="3" failures="3" name="testCases.LoginPageTest" time="35.079" errors="0" skipped="0">
  <properties>
[...]
</properties>
  <testcase classname="testCases.LoginPageTest" name="VerifywithinValidCredentials" time="12.645">
    <failure message="unexpected alert open: {Alert text : User or Password is not valid}
  (Session info: chrome=76.0.3809.100): 
Build info: version: &apos;3.14.0&apos;, revision: &apos;aacccce0&apos;, time: &apos;2018-08-02T20:19:58.91Z&apos;
System info: host: &apos;DESKTOP-4LPEL34&apos;, ip: &apos;192.168.43.123&apos;, os.name: &apos;Windows 10&apos;, os.arch: &apos;amd64&apos;, os.version: &apos;10.0&apos;, java.version: &apos;1.8.0_201&apos;
Driver info: org.openqa.selenium.chrome.ChromeDriver
Capabilities {acceptInsecureCerts: false, browserName: chrome, browserVersion: 76.0.3809.100, chrome: {chromedriverVersion: 75.0.3770.140 (2d9f97485c7b..., userDataDir: C:\Users\Shiva\AppData\Loca...}, goog:chromeOptions: {debuggerAddress: localhost:52806}, javascriptEnabled: true, networkConnectionEnabled: false, pageLoadStrategy: normal, platform: XP, platformName: XP, proxy: Proxy(), setWindowRect: true, strictFileInteractability: false, timeouts: {implicit: 0, pageLoad: 300000, script: 30000}, unhandledPromptBehavior: dismiss and notify}
Session ID: 3b26178c976861a3df2b8ced988c233c" type="org.openqa.selenium.UnhandledAlertException">org.openqa.selenium.UnhandledAlertException: unexpected alert open: {Alert text : User or Password is not valid}
  (Session info: chrome=76.0.3809.100): 
Build info: version: &apos;3.14.0&apos;, revision: &apos;aacccce0&apos;, time: &apos;2018-08-02T20:19:58.91Z&apos;
System info: host: &apos;DESKTOP-4LPEL34&apos;, ip: &apos;192.168.43.123&apos;, os.name: &apos;Windows 10&apos;, os.arch: &apos;amd64&apos;, os.version: &apos;10.0&apos;, java.version: &apos;1.8.0_201&apos;
Driver info: org.openqa.selenium.chrome.ChromeDriver
Capabilities {acceptInsecureCerts: false, browserName: chrome, browserVersion: 76.0.3809.100, chrome: {chromedriverVersion: 75.0.3770.140 (2d9f97485c7b..., userDataDir: C:\Users\Shiva\AppData\Loca...}, goog:chromeOptions: {debuggerAddress: localhost:52806}, javascriptEnabled: true, networkConnectionEnabled: false, pageLoadStrategy: normal, platform: XP, platformName: XP, proxy: Proxy(), setWindowRect: true, strictFileInteractability: false, timeouts: {implicit: 0, pageLoad: 300000, script: 30000}, unhandledPromptBehavior: dismiss and notify}
Session ID: 3b26178c976861a3df2b8ced988c233c
	at org.openqa.selenium.remote.http.W3CHttpResponseCodec.decode(W3CHttpResponseCodec.java:120)
	at org.openqa.selenium.remote.http.W3CHttpResponseCodec.decode(W3CHttpResponseCodec.java:49)
	at org.openqa.selenium.remote.HttpCommandExecutor.execute(HttpCommandExecutor.java:158)
	at org.openqa.selenium.remote.service.DriverCommandExecutor.execute(DriverCommandExecutor.java:83)
	at org.openqa.selenium.remote.RemoteWebDriver.execute(RemoteWebDriver.java:548)
	at org.openqa.selenium.remote.RemoteWebDriver.execute(RemoteWebDriver.java:605)
	at org.openqa.selenium.remote.RemoteWebDriver.getTitle(RemoteWebDriver.java:280)
	at testCases.LoginPageTest.VerifywithinValidCredentials(LoginPageTest.java:36)
</failure>
    <system-out>Configuring TestNG with: org.apache.maven.surefire.testng.conf.TestNG652Configurator@1ee0005
</system-out>
    <system-err>Starting ChromeDriver 75.0.3770.140 (2d9f97485c7b07dc18a74666574f19176731995c-refs/branch-heads/3770@{#1155}) on port 36567
Only local connections are allowed.
Please protect ports used by ChromeDriver and related test frameworks to prevent access by malicious code.
[1566107463.180][WARNING]: This version of ChromeDriver has not been tested with Chrome version 76.
Aug 18, 2019 11:21:04 AM org.openqa.selenium.remote.ProtocolHandshake createSession
INFO: Detected dialect: W3C
</system-err>
  </testcase>
  <testcase classname="testCases.LoginPageTest" name="VerifywithinValidCredentials" time="12.323">
    <failure message="unexpected alert open: {Alert text : User or Password is not valid}
  (Session info: chrome=76.0.3809.100): 
Build info: version: &apos;3.14.0&apos;, revision: &apos;aacccce0&apos;, time: &apos;2018-08-02T20:19:58.91Z&apos;
System info: host: &apos;DESKTOP-4LPEL34&apos;, ip: &apos;192.168.43.123&apos;, os.name: &apos;Windows 10&apos;, os.arch: &apos;amd64&apos;, os.version: &apos;10.0&apos;, java.version: &apos;1.8.0_201&apos;
Driver info: org.openqa.selenium.chrome.ChromeDriver
Capabilities {acceptInsecureCerts: false, browserName: chrome, browserVersion: 76.0.3809.100, chrome: {chromedriverVersion: 75.0.3770.140 (2d9f97485c7b..., userDataDir: C:\Users\Shiva\AppData\Loca...}, goog:chromeOptions: {debuggerAddress: localhost:52914}, javascriptEnabled: true, networkConnectionEnabled: false, pageLoadStrategy: normal, platform: XP, platformName: XP, proxy: Proxy(), setWindowRect: true, strictFileInteractability: false, timeouts: {implicit: 0, pageLoad: 300000, script: 30000}, unhandledPromptBehavior: dismiss and notify}
Session ID: be91fa70636a1c11524a84fb58b8d2cd" type="org.openqa.selenium.UnhandledAlertException">org.openqa.selenium.UnhandledAlertException: unexpected alert open: {Alert text : User or Password is not valid}
  (Session info: chrome=76.0.3809.100): 
Build info: version: &apos;3.14.0&apos;, revision: &apos;aacccce0&apos;, time: &apos;2018-08-02T20:19:58.91Z&apos;
System info: host: &apos;DESKTOP-4LPEL34&apos;, ip: &apos;192.168.43.123&apos;, os.name: &apos;Windows 10&apos;, os.arch: &apos;amd64&apos;, os.version: &apos;10.0&apos;, java.version: &apos;1.8.0_201&apos;
Driver info: org.openqa.selenium.chrome.ChromeDriver
Capabilities {acceptInsecureCerts: false, browserName: chrome, browserVersion: 76.0.3809.100, chrome: {chromedriverVersion: 75.0.3770.140 (2d9f97485c7b..., userDataDir: C:\Users\Shiva\AppData\Loca...}, goog:chromeOptions: {debuggerAddress: localhost:52914}, javascriptEnabled: true, networkConnectionEnabled: false, pageLoadStrategy: normal, platform: XP, platformName: XP, proxy: Proxy(), setWindowRect: true, strictFileInteractability: false, timeouts: {implicit: 0, pageLoad: 300000, script: 30000}, unhandledPromptBehavior: dismiss and notify}
Session ID: be91fa70636a1c11524a84fb58b8d2cd
	at org.openqa.selenium.remote.http.W3CHttpResponseCodec.decode(W3CHttpResponseCodec.java:120)
	at org.openqa.selenium.remote.http.W3CHttpResponseCodec.decode(W3CHttpResponseCodec.java:49)
	at org.openqa.selenium.remote.HttpCommandExecutor.execute(HttpCommandExecutor.java:158)
	at org.openqa.selenium.remote.service.DriverCommandExecutor.execute(DriverCommandExecutor.java:83)
	at org.openqa.selenium.remote.RemoteWebDriver.execute(RemoteWebDriver.java:548)
	at org.openqa.selenium.remote.RemoteWebDriver.execute(RemoteWebDriver.java:605)
	at org.openqa.selenium.remote.RemoteWebDriver.getTitle(RemoteWebDriver.java:280)
	at testCases.LoginPageTest.VerifywithinValidCredentials(LoginPageTest.java:36)
</failure>
    <system-err>Starting ChromeDriver 75.0.3770.140 (2d9f97485c7b07dc18a74666574f19176731995c-refs/branch-heads/3770@{#1155}) on port 37867
Only local connections are allowed.
Please protect ports used by ChromeDriver and related test frameworks to prevent access by malicious code.
[1566107496.912][WARNING]: This version of ChromeDriver has not been tested with Chrome version 76.
Aug 18, 2019 11:21:38 AM org.openqa.selenium.remote.ProtocolHandshake createSession
INFO: Detected dialect: W3C
</system-err>
  </testcase>
  <testcase classname="testCases.LoginPageTest" name="VerifywithinValidCredentials" time="10.111">
    <failure message="unexpected alert open: {Alert text : User or Password is not valid}
  (Session info: chrome=76.0.3809.100): 
Build info: version: &apos;3.14.0&apos;, revision: &apos;aacccce0&apos;, time: &apos;2018-08-02T20:19:58.91Z&apos;
System info: host: &apos;DESKTOP-4LPEL34&apos;, ip: &apos;192.168.43.123&apos;, os.name: &apos;Windows 10&apos;, os.arch: &apos;amd64&apos;, os.version: &apos;10.0&apos;, java.version: &apos;1.8.0_201&apos;
Driver info: org.openqa.selenium.chrome.ChromeDriver
Capabilities {acceptInsecureCerts: false, browserName: chrome, browserVersion: 76.0.3809.100, chrome: {chromedriverVersion: 75.0.3770.140 (2d9f97485c7b..., userDataDir: C:\Users\Shiva\AppData\Loca...}, goog:chromeOptions: {debuggerAddress: localhost:53016}, javascriptEnabled: true, networkConnectionEnabled: false, pageLoadStrategy: normal, platform: XP, platformName: XP, proxy: Proxy(), setWindowRect: true, strictFileInteractability: false, timeouts: {implicit: 0, pageLoad: 300000, script: 30000}, unhandledPromptBehavior: dismiss and notify}
Session ID: ec5dd520b59b0d09fbea2ca49050c137" type="org.openqa.selenium.UnhandledAlertException">org.openqa.selenium.UnhandledAlertException: unexpected alert open: {Alert text : User or Password is not valid}
  (Session info: chrome=76.0.3809.100): 
Build info: version: &apos;3.14.0&apos;, revision: &apos;aacccce0&apos;, time: &apos;2018-08-02T20:19:58.91Z&apos;
System info: host: &apos;DESKTOP-4LPEL34&apos;, ip: &apos;192.168.43.123&apos;, os.name: &apos;Windows 10&apos;, os.arch: &apos;amd64&apos;, os.version: &apos;10.0&apos;, java.version: &apos;1.8.0_201&apos;
Driver info: org.openqa.selenium.chrome.ChromeDriver
Capabilities {acceptInsecureCerts: false, browserName: chrome, browserVersion: 76.0.3809.100, chrome: {chromedriverVersion: 75.0.3770.140 (2d9f97485c7b..., userDataDir: C:\Users\Shiva\AppData\Loca...}, goog:chromeOptions: {debuggerAddress: localhost:53016}, javascriptEnabled: true, networkConnectionEnabled: false, pageLoadStrategy: normal, platform: XP, platformName: XP, proxy: Proxy(), setWindowRect: true, strictFileInteractability: false, timeouts: {implicit: 0, pageLoad: 300000, script: 30000}, unhandledPromptBehavior: dismiss and notify}
Session ID: ec5dd520b59b0d09fbea2ca49050c137
	at org.openqa.selenium.remote.http.W3CHttpResponseCodec.decode(W3CHttpResponseCodec.java:120)
	at org.openqa.selenium.remote.http.W3CHttpResponseCodec.decode(W3CHttpResponseCodec.java:49)
	at org.openqa.selenium.remote.HttpCommandExecutor.execute(HttpCommandExecutor.java:158)
	at org.openqa.selenium.remote.service.DriverCommandExecutor.execute(DriverCommandExecutor.java:83)
	at org.openqa.selenium.remote.RemoteWebDriver.execute(RemoteWebDriver.java:548)
	at org.openqa.selenium.remote.RemoteWebDriver.execute(RemoteWebDriver.java:605)
	at org.openqa.selenium.remote.RemoteWebDriver.getTitle(RemoteWebDriver.java:280)
	at testCases.LoginPageTest.VerifywithinValidCredentials(LoginPageTest.java:36)
</failure>
    <system-err>Starting ChromeDriver 75.0.3770.140 (2d9f97485c7b07dc18a74666574f19176731995c-refs/branch-heads/3770@{#1155}) on port 19507
Only local connections are allowed.
Please protect ports used by ChromeDriver and related test frameworks to prevent access by malicious code.
[1566107527.806][WARNING]: This version of ChromeDriver has not been tested with Chrome version 76.
Aug 18, 2019 11:22:09 AM org.openqa.selenium.remote.ProtocolHandshake createSession
INFO: Detected dialect: W3C
</system-err>
  </testcase>
</testsuite>